1761490370: mosquitto version 2.0.22 starting
1761490370: Config loaded from /mosquitto/config/mosquitto.conf.
1761490370: Opening ipv4 listen socket on port 1883.
1761490370: Opening ipv6 listen socket on port 1883.
1761490370: Opening websockets listen socket on port 9001.
1761490370: mosquitto version 2.0.22 running
1761490651: mosquitto version 2.0.22 terminating
1761490651: Saving in-memory database to /mosquitto/data//mosquitto.db.
1761492867: mosquitto version 2.0.22 starting
1761492867: Config loaded from /mosquitto/config/mosquitto.conf.
1761492867: Opening ipv4 listen socket on port 1883.
1761492867: Opening ipv6 listen socket on port 1883.
1761492867: Opening websockets listen socket on port 9001.
1761492867: mosquitto version 2.0.22 running
1761492869: New connection from 172.18.0.4:35559 on port 1883.
1761492869: New client connected from 172.18.0.4:35559 as auto-FD925365-6073-0AFA-6274-10320591B9E6 (p2, c1, k60).
1761494564: Client auto-FD925365-6073-0AFA-6274-10320591B9E6 closed its connection.
1761494565: mosquitto version 2.0.22 terminating
1761494565: Saving in-memory database to /mosquitto/data//mosquitto.db.
1761494580: mosquitto version 2.0.22 starting
1761494580: Config loaded from /mosquitto/config/mosquitto.conf.
1761494580: Opening ipv4 listen socket on port 1883.
1761494580: Opening ipv6 listen socket on port 1883.
1761494580: Opening websockets listen socket on port 9001.
1761494580: mosquitto version 2.0.22 running
1761494582: New connection from 172.18.0.4:43723 on port 1883.
1761494582: New client connected from 172.18.0.4:43723 as auto-1B52E3A5-4654-C8F7-DFF0-72D51312F69B (p2, c1, k60).
1761496381: Saving in-memory database to /mosquitto/data//mosquitto.db.
